2009-05-07 13:07:52,408  INFO Version.<clinit>:15 - Hibernate Annotations 3.3.0.GA
2009-05-07 13:07:52,442  INFO Environment.<clinit>:514 - Hibernate 3.2.6
2009-05-07 13:07:52,448  INFO Environment.<clinit>:547 - hibernate.properties not found
2009-05-07 13:07:52,455  INFO Environment.buildBytecodeProvider:681 - Bytecode provider name : cglib
2009-05-07 13:07:52,463  INFO Environment.<clinit>:598 - using JDK 1.4 java.sql.Timestamp handling
2009-05-07 13:07:52,550  INFO Configuration.configure:1432 - configuring from resource: /hibernate.cfg.xml
2009-05-07 13:07:52,551  INFO Configuration.getConfigurationInputStream:1409 - Configuration resource: /hibernate.cfg.xml
2009-05-07 13:07:52,629  INFO Configuration.doConfigure:1547 - Configured SessionFactory: null
2009-05-07 13:07:52,751  INFO AnnotationBinder.bindClass:398 - Binding entity from annotated class: org.cnio.appform.entity.Project
2009-05-07 13:07:52,794  INFO EntityBinder.bindTable:420 - Bind entity org.cnio.appform.entity.Project on table project
2009-05-07 13:07:52,882  INFO AnnotationBinder.bindClass:398 - Binding entity from annotated class: org.cnio.appform.entity.Interview
2009-05-07 13:07:52,883  INFO EntityBinder.bindTable:420 - Bind entity org.cnio.appform.entity.Interview on table interview
2009-05-07 13:07:52,902  INFO AnnotationBinder.bindClass:398 - Binding entity from annotated class: org.cnio.appform.entity.Section
2009-05-07 13:07:52,903  INFO EntityBinder.bindTable:420 - Bind entity org.cnio.appform.entity.Section on table section
2009-05-07 13:07:52,910  INFO AnnotationBinder.bindClass:398 - Binding entity from annotated class: org.cnio.appform.entity.AbstractItem
2009-05-07 13:07:52,910  INFO EntityBinder.bindTable:420 - Bind entity org.cnio.appform.entity.AbstractItem on table item
2009-05-07 13:07:52,915  INFO AnnotationBinder.bindClass:398 - Binding entity from annotated class: org.cnio.appform.entity.Question
2009-05-07 13:07:52,917  INFO EntityBinder.bindTable:420 - Bind entity org.cnio.appform.entity.Question on table question
2009-05-07 13:07:52,935  INFO AnnotationBinder.bindClass:398 - Binding entity from annotated class: org.cnio.appform.entity.Text
2009-05-07 13:07:52,935  INFO EntityBinder.bindTable:420 - Bind entity org.cnio.appform.entity.Text on table Text
2009-05-07 13:07:52,936  INFO AnnotationBinder.bindClass:398 - Binding entity from annotated class: org.cnio.appform.entity.QuestionsAnsItems
2009-05-07 13:07:52,937  INFO EntityBinder.bindTable:420 - Bind entity org.cnio.appform.entity.QuestionsAnsItems on table question_ansitem
2009-05-07 13:07:52,941  INFO AnnotationBinder.bindClass:398 - Binding entity from annotated class: org.cnio.appform.entity.AnswerItem
2009-05-07 13:07:52,941  INFO EntityBinder.bindTable:420 - Bind entity org.cnio.appform.entity.AnswerItem on table answer_item
2009-05-07 13:07:52,947  INFO AnnotationBinder.bindClass:398 - Binding entity from annotated class: org.cnio.appform.entity.AnswerType
2009-05-07 13:07:52,947  INFO EntityBinder.bindTable:420 - Bind entity org.cnio.appform.entity.AnswerType on table AnswerType
2009-05-07 13:07:52,949  INFO AnnotationBinder.bindClass:398 - Binding entity from annotated class: org.cnio.appform.entity.EnumType
2009-05-07 13:07:52,949  INFO EntityBinder.bindTable:420 - Bind entity org.cnio.appform.entity.EnumType on table EnumType
2009-05-07 13:07:52,951  INFO AnnotationBinder.bindClass:398 - Binding entity from annotated class: org.cnio.appform.entity.EnumItem
2009-05-07 13:07:52,952  INFO EntityBinder.bindTable:420 - Bind entity org.cnio.appform.entity.EnumItem on table enumitem
2009-05-07 13:07:52,955  INFO AnnotationBinder.bindClass:398 - Binding entity from annotated class: org.cnio.appform.entity.Answer
2009-05-07 13:07:52,955  INFO EntityBinder.bindTable:420 - Bind entity org.cnio.appform.entity.Answer on table answer
2009-05-07 13:07:52,960  INFO AnnotationBinder.bindClass:398 - Binding entity from annotated class: org.cnio.appform.entity.Patient
2009-05-07 13:07:52,960  INFO EntityBinder.bindTable:420 - Bind entity org.cnio.appform.entity.Patient on table Patient
2009-05-07 13:07:52,965  INFO AnnotationBinder.bindClass:398 - Binding entity from annotated class: org.cnio.appform.entity.Hospital
2009-05-07 13:07:52,965  INFO EntityBinder.bindTable:420 - Bind entity org.cnio.appform.entity.Hospital on table Hospital
2009-05-07 13:07:52,969  INFO AnnotationBinder.bindClass:398 - Binding entity from annotated class: org.cnio.appform.entity.Role
2009-05-07 13:07:52,969  INFO EntityBinder.bindTable:420 - Bind entity org.cnio.appform.entity.Role on table Role
2009-05-07 13:07:52,973  INFO AnnotationBinder.bindClass:398 - Binding entity from annotated class: org.cnio.appform.entity.AppUser
2009-05-07 13:07:52,974  INFO EntityBinder.bindTable:420 - Bind entity org.cnio.appform.entity.AppUser on table appuser
2009-05-07 13:07:52,990  INFO AnnotationBinder.bindClass:398 - Binding entity from annotated class: org.cnio.appform.entity.AppuserRole
2009-05-07 13:07:52,990  INFO EntityBinder.bindTable:420 - Bind entity org.cnio.appform.entity.AppuserRole on table user_role
2009-05-07 13:07:52,992  INFO AnnotationBinder.bindClass:398 - Binding entity from annotated class: org.cnio.appform.entity.RelIntrvGroup
2009-05-07 13:07:52,993  INFO EntityBinder.bindTable:420 - Bind entity org.cnio.appform.entity.RelIntrvGroup on table intrv_group
2009-05-07 13:07:52,999  INFO AnnotationBinder.bindClass:398 - Binding entity from annotated class: org.cnio.appform.entity.GroupType
2009-05-07 13:07:53,000  INFO EntityBinder.bindTable:420 - Bind entity org.cnio.appform.entity.GroupType on table grouptype
2009-05-07 13:07:53,004  INFO AnnotationBinder.bindClass:398 - Binding entity from annotated class: org.cnio.appform.entity.AppDBLogger
2009-05-07 13:07:53,004  INFO EntityBinder.bindTable:420 - Bind entity org.cnio.appform.entity.AppDBLogger on table applog
2009-05-07 13:07:53,017  INFO AnnotationBinder.bindClass:398 - Binding entity from annotated class: org.cnio.appform.entity.AppGroup
2009-05-07 13:07:53,018  INFO EntityBinder.bindTable:420 - Bind entity org.cnio.appform.entity.AppGroup on table appgroup
2009-05-07 13:07:53,026  INFO AnnotationBinder.bindClass:398 - Binding entity from annotated class: org.cnio.appform.entity.PatGivesAns2Ques
2009-05-07 13:07:53,026  INFO EntityBinder.bindTable:420 - Bind entity org.cnio.appform.entity.PatGivesAns2Ques on table pat_gives_answer2ques
2009-05-07 13:07:53,030  INFO AnnotationBinder.bindClass:398 - Binding entity from annotated class: org.cnio.appform.entity.Performance
2009-05-07 13:07:53,031  INFO EntityBinder.bindTable:420 - Bind entity org.cnio.appform.entity.Performance on table performance
2009-05-07 13:07:53,036  INFO AnnotationBinder.bindClass:398 - Binding entity from annotated class: org.cnio.appform.entity.RelGrpAppuser
2009-05-07 13:07:53,036  INFO EntityBinder.bindTable:420 - Bind entity org.cnio.appform.entity.RelGrpAppuser on table rel_grp_appusr
2009-05-07 13:07:53,038  INFO AnnotationBinder.bindClass:398 - Binding entity from annotated class: org.cnio.appform.entity.RelPrjAppusers
2009-05-07 13:07:53,039  INFO EntityBinder.bindTable:420 - Bind entity org.cnio.appform.entity.RelPrjAppusers on table rel_prj_appusers
2009-05-07 13:07:53,170  INFO CollectionBinder.bindOneToManySecondPass:627 - Mapping collection: org.cnio.appform.entity.Project.interviews -> interview
2009-05-07 13:07:53,172  INFO CollectionBinder.bindOneToManySecondPass:627 - Mapping collection: org.cnio.appform.entity.Project.relPrjAppuserses -> rel_prj_appusers
2009-05-07 13:07:53,173  INFO CollectionBinder.bindOneToManySecondPass:627 - Mapping collection: org.cnio.appform.entity.Interview.answerItems -> answer_item
2009-05-07 13:07:53,175  INFO CollectionBinder.bindOneToManySecondPass:627 - Mapping collection: org.cnio.appform.entity.Interview.children -> interview
2009-05-07 13:07:53,176  INFO CollectionBinder.bindOneToManySecondPass:627 - Mapping collection: org.cnio.appform.entity.Interview.performances -> performance
2009-05-07 13:07:53,176  INFO CollectionBinder.bindOneToManySecondPass:627 - Mapping collection: org.cnio.appform.entity.Interview.relIntrvGrps -> intrv_group
2009-05-07 13:07:53,178  INFO CollectionBinder.bindOneToManySecondPass:627 - Mapping collection: org.cnio.appform.entity.Interview.sections -> section
2009-05-07 13:07:53,179  INFO CollectionBinder.bindOneToManySecondPass:627 - Mapping collection: org.cnio.appform.entity.Section.items -> item
2009-05-07 13:07:53,179  INFO CollectionBinder.bindOneToManySecondPass:627 - Mapping collection: org.cnio.appform.entity.AbstractItem.containees -> item
2009-05-07 13:07:53,181  INFO CollectionBinder.bindOneToManySecondPass:627 - Mapping collection: org.cnio.appform.entity.Question.patAnsQues -> pat_gives_answer2ques
2009-05-07 13:07:53,181  INFO CollectionBinder.bindOneToManySecondPass:627 - Mapping collection: org.cnio.appform.entity.Question.questionAnsItems -> question_ansitem
2009-05-07 13:07:53,182  INFO CollectionBinder.bindOneToManySecondPass:627 - Mapping collection: org.cnio.appform.entity.AnswerItem.answers -> answer
2009-05-07 13:07:53,182  INFO CollectionBinder.bindOneToManySecondPass:627 - Mapping collection: org.cnio.appform.entity.AnswerItem.questionsAnsItems -> question_ansitem
2009-05-07 13:07:53,182  INFO CollectionBinder.bindOneToManySecondPass:627 - Mapping collection: org.cnio.appform.entity.EnumType.items -> enumitem
2009-05-07 13:07:53,183  INFO CollectionBinder.bindOneToManySecondPass:627 - Mapping collection: org.cnio.appform.entity.Answer.patAnsQues -> pat_gives_answer2ques
2009-05-07 13:07:53,183  INFO CollectionBinder.bindOneToManySecondPass:627 - Mapping collection: org.cnio.appform.entity.Patient.patAnsQues -> pat_gives_answer2ques
2009-05-07 13:07:53,184  INFO CollectionBinder.bindOneToManySecondPass:627 - Mapping collection: org.cnio.appform.entity.Patient.performances -> performance
2009-05-07 13:07:53,184  INFO CollectionBinder.bindOneToManySecondPass:627 - Mapping collection: org.cnio.appform.entity.Hospital.theUsers -> appuser
2009-05-07 13:07:53,184  INFO CollectionBinder.bindOneToManySecondPass:627 - Mapping collection: org.cnio.appform.entity.Role.userRoles -> user_role
2009-05-07 13:07:53,184  INFO CollectionBinder.bindOneToManySecondPass:627 - Mapping collection: org.cnio.appform.entity.AppUser.interviews -> interview
2009-05-07 13:07:53,185  INFO CollectionBinder.bindOneToManySecondPass:627 - Mapping collection: org.cnio.appform.entity.AppUser.performances -> performance
2009-05-07 13:07:53,185  INFO CollectionBinder.bindOneToManySecondPass:627 - Mapping collection: org.cnio.appform.entity.AppUser.relGrpAppusrs -> rel_grp_appusr
2009-05-07 13:07:53,185  INFO CollectionBinder.bindOneToManySecondPass:627 - Mapping collection: org.cnio.appform.entity.AppUser.relPrjAppuserses -> rel_prj_appusers
2009-05-07 13:07:53,185  INFO CollectionBinder.bindOneToManySecondPass:627 - Mapping collection: org.cnio.appform.entity.AppUser.userRoles -> user_role
2009-05-07 13:07:53,186  INFO CollectionBinder.bindOneToManySecondPass:627 - Mapping collection: org.cnio.appform.entity.GroupType.groups -> appgroup
2009-05-07 13:07:53,186  INFO CollectionBinder.bindOneToManySecondPass:627 - Mapping collection: org.cnio.appform.entity.AppGroup.containees -> appgroup
2009-05-07 13:07:53,186  INFO CollectionBinder.bindOneToManySecondPass:627 - Mapping collection: org.cnio.appform.entity.AppGroup.performances -> performance
2009-05-07 13:07:53,187  INFO CollectionBinder.bindOneToManySecondPass:627 - Mapping collection: org.cnio.appform.entity.AppGroup.relGrpAppusrs -> rel_grp_appusr
2009-05-07 13:07:53,187  INFO CollectionBinder.bindOneToManySecondPass:627 - Mapping collection: org.cnio.appform.entity.AppGroup.relGrpIntrvs -> intrv_group
2009-05-07 13:07:53,190  INFO AnnotationConfiguration.secondPassCompile:350 - Hibernate Validator not found: ignoring
2009-05-07 13:07:53,199  INFO C3P0ConnectionProvider.configure:81 - C3P0 using driver: org.postgresql.Driver at URL: jdbc:postgresql://jpop:5432/appform
2009-05-07 13:07:53,200  INFO C3P0ConnectionProvider.configure:82 - Connection properties: {user=postgres, password=****, autocommit=false}
2009-05-07 13:07:53,200  INFO C3P0ConnectionProvider.configure:85 - autocommit mode: false
2009-05-07 13:07:53,221  INFO MLog.<clinit>:80 - MLog clients using log4j logging.
2009-05-07 13:07:53,460  INFO C3P0Registry.banner:204 - Initializing c3p0-0.9.1 [built 16-January-2007 14:46:42; debug? true; trace: 10]
2009-05-07 13:07:53,554  INFO AbstractPoolBackedDataSource.getPoolManager:462 - Initializing c3p0 pool... com.mchange.v2.c3p0.PoolBackedDataSource@ad66ed [ connectionPoolDataSource -> com.mchange.v2.c3p0.WrapperConnectionPoolDataSource@7735056 [ acquireIncrement -> 3, acquireRetryAttempts -> 30, acquireRetryDelay -> 1000, autoCommitOnClose -> false, automaticTestTable -> null, breakAfterAcquireFailure -> false, checkoutTimeout -> 0, connectionCustomizerClassName -> null, connectionTesterClassName -> com.mchange.v2.c3p0.impl.DefaultConnectionTester, debugUnreturnedConnectionStackTraces -> false, factoryClassLocation -> null, forceIgnoreUnresolvedTransactions -> false, identityToken -> 30ke3h817fa0kai2wmrn|b56efe, idleConnectionTestPeriod -> 3000, initialPoolSize -> 5, maxAdministrativeTaskTime -> 0, maxConnectionAge -> 0, maxIdleTime -> 300, maxIdleTimeExcessConnections -> 0, maxPoolSize -> 20, maxStatements -> 50, maxStatementsPerConnection -> 0, minPoolSize -> 5, nestedDataSource -> com.mchange.v2.c3p0.DriverManagerDataSource@5af45c7d [ description -> null, driverClass -> null, factoryClassLocation -> null, identityToken -> 30ke3h817fa0kai2wmrn|1787a6, jdbcUrl -> jdbc:postgresql://jpop:5432/appform, properties -> {user=******, password=******, autocommit=false} ], preferredTestQuery -> null, propertyCycle -> 0, testConnectionOnCheckin -> false, testConnectionOnCheckout -> false, unreturnedConnectionTimeout -> 0, usesTraditionalReflectiveProxies -> false; userOverrides: {} ], dataSourceName -> null, factoryClassLocation -> null, identityToken -> 30ke3h817fa0kai2wmrn|f49401, numHelperThreads -> 3 ]
2009-05-07 13:07:53,817  INFO SettingsFactory.buildSettings:89 - RDBMS: PostgreSQL, version: 8.2.5
2009-05-07 13:07:53,817  INFO SettingsFactory.buildSettings:90 - JDBC driver: PostgreSQL Native Driver, version: PostgreSQL 8.1 JDBC3 with SSL (build 411)
2009-05-07 13:07:53,853  INFO Dialect.<init>:152 - Using dialect: org.hibernate.dialect.PostgreSQLDialect
2009-05-07 13:07:53,858  INFO TransactionFactoryFactory.buildTransactionFactory:31 - Using default transaction strategy (direct JDBC transactions)
2009-05-07 13:07:53,862  INFO TransactionManagerLookupFactory.getTransactionManagerLookup:33 - No TransactionManagerLookup configured (in JTA environment, use of read-write or transactional second-level cache is not recommended)
2009-05-07 13:07:53,862  INFO SettingsFactory.buildSettings:143 - Automatic flush during beforeCompletion(): disabled
2009-05-07 13:07:53,862  INFO SettingsFactory.buildSettings:147 - Automatic session close at end of transaction: disabled
2009-05-07 13:07:53,862  INFO SettingsFactory.buildSettings:154 - JDBC batch size: 15
2009-05-07 13:07:53,862  INFO SettingsFactory.buildSettings:157 - JDBC batch updates for versioned data: disabled
2009-05-07 13:07:53,863  INFO SettingsFactory.buildSettings:162 - Scrollable result sets: enabled
2009-05-07 13:07:53,864  INFO SettingsFactory.buildSettings:170 - JDBC3 getGeneratedKeys(): disabled
2009-05-07 13:07:53,865  INFO SettingsFactory.buildSettings:178 - Connection release mode: auto
2009-05-07 13:07:53,868  INFO SettingsFactory.buildSettings:202 - Maximum outer join fetch depth: 3
2009-05-07 13:07:53,869  INFO SettingsFactory.buildSettings:205 - Default batch fetch size: 1
2009-05-07 13:07:53,869  INFO SettingsFactory.buildSettings:209 - Generate SQL with comments: enabled
2009-05-07 13:07:53,869  INFO SettingsFactory.buildSettings:213 - Order SQL updates by primary key: disabled
2009-05-07 13:07:53,869  INFO SettingsFactory.buildSettings:217 - Order SQL inserts for batching: disabled
2009-05-07 13:07:53,870  INFO SettingsFactory.createQueryTranslatorFactory:386 - Query translator: org.hibernate.hql.ast.ASTQueryTranslatorFactory
2009-05-07 13:07:53,872  INFO ASTQueryTranslatorFactory.<init>:24 - Using ASTQueryTranslatorFactory
2009-05-07 13:07:53,872  INFO SettingsFactory.buildSettings:225 - Query language substitutions: {no='N', yes='Y'}
2009-05-07 13:07:53,873  INFO SettingsFactory.buildSettings:230 - JPA-QL strict compliance: disabled
2009-05-07 13:07:53,873  INFO SettingsFactory.buildSettings:235 - Second-level cache: enabled
2009-05-07 13:07:53,873  INFO SettingsFactory.buildSettings:239 - Query cache: disabled
2009-05-07 13:07:53,873  INFO SettingsFactory.createCacheProvider:373 - Cache provider: org.hibernate.cache.NoCacheProvider
2009-05-07 13:07:53,874  INFO SettingsFactory.buildSettings:254 - Optimize cache for minimal puts: disabled
2009-05-07 13:07:53,876  INFO SettingsFactory.buildSettings:263 - Structured second-level cache entries: disabled
2009-05-07 13:07:53,882  INFO SettingsFactory.buildSettings:290 - Statistics: disabled
2009-05-07 13:07:53,882  INFO SettingsFactory.buildSettings:294 - Deleted entity synthetic identifier rollback: disabled
2009-05-07 13:07:53,883  INFO SettingsFactory.buildSettings:309 - Default entity-mode: pojo
2009-05-07 13:07:53,883  INFO SettingsFactory.buildSettings:313 - Named query checking : enabled
2009-05-07 13:07:53,911  INFO SessionFactoryImpl.<init>:161 - building session factory
2009-05-07 13:07:54,613  INFO SessionFactoryObjectFactory.addInstance:82 - Not binding factory to JNDI, no JNDI name configured
2009-05-07 13:07:54,616  INFO SchemaUpdate.execute:115 - Running hbm2ddl schema update
2009-05-07 13:07:54,616  INFO SchemaUpdate.execute:126 - fetching database metadata
2009-05-07 13:07:54,629  INFO SchemaUpdate.execute:138 - updating schema
2009-05-07 13:07:54,631  INFO AnnotationConfiguration.secondPassCompile:350 - Hibernate Validator not found: ignoring
2009-05-07 13:07:54,678  INFO TableMetadata.<init>:39 - table found: public.answertype
2009-05-07 13:07:54,679  INFO TableMetadata.<init>:40 - columns: [idanstype, pattern]
2009-05-07 13:07:54,679  INFO TableMetadata.<init>:42 - foreign keys: [fkb00210386a4127c5, fk_answerty_isoneof_answer_i]
2009-05-07 13:07:54,679  INFO TableMetadata.<init>:43 - indexes: [pk_answertype]
2009-05-07 13:07:54,705  INFO TableMetadata.<init>:39 - table found: public.enumtype
2009-05-07 13:07:54,706  INFO TableMetadata.<init>:40 - columns: [idenumtype, numitems]
2009-05-07 13:07:54,706  INFO TableMetadata.<init>:42 - foreign keys: [fk_enumtype_isoneof2_answer_i, fk886d93fbda39f0f6]
2009-05-07 13:07:54,706  INFO TableMetadata.<init>:43 - indexes: [pk_enumtype]
2009-05-07 13:07:54,730  INFO TableMetadata.<init>:39 - table found: public.hospital
2009-05-07 13:07:54,730  INFO TableMetadata.<init>:40 - columns: [hospcod, u_date, idhosp, name, c_date]
2009-05-07 13:07:54,731  INFO TableMetadata.<init>:42 - foreign keys: []
2009-05-07 13:07:54,731  INFO TableMetadata.<init>:43 - indexes: [pk_hospital]
2009-05-07 13:07:54,758  INFO TableMetadata.<init>:39 - table found: public.patient
2009-05-07 13:07:54,758  INFO TableMetadata.<init>:40 - columns: [phone, idpat, u_date, address, numhc, name, c_date, codpatient]
2009-05-07 13:07:54,759  INFO TableMetadata.<init>:42 - foreign keys: []
2009-05-07 13:07:54,759  INFO TableMetadata.<init>:43 - indexes: [pk_patient]
2009-05-07 13:07:54,784  INFO TableMetadata.<init>:39 - table found: public.role
2009-05-07 13:07:54,784  INFO TableMetadata.<init>:40 - columns: [u_date, description, name, c_date, idrole]
2009-05-07 13:07:54,784  INFO TableMetadata.<init>:42 - foreign keys: []
2009-05-07 13:07:54,784  INFO TableMetadata.<init>:43 - indexes: [pk_role]
2009-05-07 13:07:54,810  INFO TableMetadata.<init>:39 - table found: public.text
2009-05-07 13:07:54,810  INFO TableMetadata.<init>:40 - columns: [highlighted, idtext]
2009-05-07 13:07:54,811  INFO TableMetadata.<init>:42 - foreign keys: [fk27b94df0028e8c, fk_text_itemisa_item]
2009-05-07 13:07:54,812  INFO TableMetadata.<init>:43 - indexes: [pk_text]
2009-05-07 13:07:54,839  INFO TableMetadata.<init>:39 - table found: public.answer
2009-05-07 13:07:54,840  INFO TableMetadata.<init>:40 - columns: [answer_order, idanswer, codansitem, thevalue]
2009-05-07 13:07:54,840  INFO TableMetadata.<init>:42 - foreign keys: [fkabca3fbe5c3d6ca1, fk_answer_rel_answ__answer_i]
2009-05-07 13:07:54,840  INFO TableMetadata.<init>:43 - indexes: [pk_answer]
2009-05-07 13:07:54,865  INFO TableMetadata.<init>:39 - table found: public.answer_item
2009-05-07 13:07:54,865  INFO TableMetadata.<init>:40 - columns: [answer_order, description, idansitem, name, codintrv]
2009-05-07 13:07:54,866  INFO TableMetadata.<init>:42 - foreign keys: [fk_ansitem_intrv, fked6a1af434d3ec6d]
2009-05-07 13:07:54,866  INFO TableMetadata.<init>:43 - indexes: [pk_answer_item]
2009-05-07 13:07:54,895  INFO TableMetadata.<init>:39 - table found: public.appgroup
2009-05-07 13:07:54,896  INFO TableMetadata.<init>:40 - columns: [codgroup_type, tmpl_holder, idgroup, name, parent, codgroup]
2009-05-07 13:07:54,896  INFO TableMetadata.<init>:42 - foreign keys: [fk460ba8fee20f1477, fk_grouptype, fk460ba8fefa6441bc, fk_parent_group]
2009-05-07 13:07:54,897  INFO TableMetadata.<init>:43 - indexes: [pk_appgroup]
2009-05-07 13:07:54,923  INFO TableMetadata.<init>:39 - table found: public.applog
2009-05-07 13:07:54,923  INFO TableMetadata.<init>:40 - columns: [logmsg, userid, lastip, intrvid, patientid, thetime, logid, sessionid]
2009-05-07 13:07:54,923  INFO TableMetadata.<init>:42 - foreign keys: []
2009-05-07 13:07:54,923  INFO TableMetadata.<init>:43 - indexes: [applog_pkey]
2009-05-07 13:07:54,955  INFO TableMetadata.<init>:39 - table found: public.appuser
2009-05-07 13:07:54,955  INFO TableMetadata.<init>:40 - columns: [lastname, codhosp, removed, country, u_date, passwd, firstname, loggedin, username, loggedfrom, iduser, c_date]
2009-05-07 13:07:54,955  INFO TableMetadata.<init>:42 - foreign keys: [fk_hospital_user, fkd0bc6d6cff274c45, fk33f5054cff274c45]
2009-05-07 13:07:54,955  INFO TableMetadata.<init>:43 - indexes: [pk_appuser]
2009-05-07 13:07:54,984  INFO TableMetadata.<init>:39 - table found: public.enumitem
2009-05-07 13:07:54,984  INFO TableMetadata.<init>:40 - columns: [codenumtype, idenumitem, description, name, listorder, thevalue]
2009-05-07 13:07:54,984  INFO TableMetadata.<init>:42 - foreign keys: [fk849ca7944d54c7fd, fk_enumitem_contains_enumtype]
2009-05-07 13:07:54,984  INFO TableMetadata.<init>:43 - indexes: [pk_enumitem]
2009-05-07 13:07:55,007  INFO TableMetadata.<init>:39 - table found: public.grouptype
2009-05-07 13:07:55,007  INFO TableMetadata.<init>:40 - columns: [description, idgrouptype, name]
2009-05-07 13:07:55,007  INFO TableMetadata.<init>:42 - foreign keys: []
2009-05-07 13:07:55,007  INFO TableMetadata.<init>:43 - indexes: [pk_grouptype]
2009-05-07 13:07:55,037  INFO TableMetadata.<init>:39 - table found: public.interview
2009-05-07 13:07:55,038  INFO TableMetadata.<init>:40 - columns: [codprj, u_date, idinterview, codusr, description, source, name, c_date]
2009-05-07 13:07:55,038  INFO TableMetadata.<init>:42 - foreign keys: [fk_interview_is_formed_project, fk_interview_belongs_user, fk1dfcd18132dc448d, fk1dfcd181bc927c7a, fk_cloned_from, fk1dfcd1819fb025d9]
2009-05-07 13:07:55,038  INFO TableMetadata.<init>:43 - indexes: [pk_interview]
2009-05-07 13:07:55,062  INFO TableMetadata.<init>:39 - table found: public.intrv_group
2009-05-07 13:07:55,062  INFO TableMetadata.<init>:40 - columns: [idintrv_group, codintrv, codgroup]
2009-05-07 13:07:55,062  INFO TableMetadata.<init>:42 - foreign keys: [fk_intrvgroup_group, fk84c0ddb334d3ec6d, fk84c0ddb3e9d1abd4, fk_intrvgroup_intrv]
2009-05-07 13:07:55,062  INFO TableMetadata.<init>:43 - indexes: [pk_intrv_group]
2009-05-07 13:07:55,093  INFO TableMetadata.<init>:39 - table found: public.item
2009-05-07 13:07:55,094  INFO TableMetadata.<init>:40 - columns: [ite_iditem, repeatable, u_date, highlight, item_order, content, idsection, iditem, c_date]
2009-05-07 13:07:55,094  INFO TableMetadata.<init>:42 - foreign keys: [fk_item_contains_item, fk317b136ead1f80, fk317b13ee6627b7, fk_item_is_formed_section]
2009-05-07 13:07:55,094  INFO TableMetadata.<init>:43 - indexes: [pk_item]
2009-05-07 13:07:55,126  INFO TableMetadata.<init>:39 - table found: public.performance
2009-05-07 13:07:55,126  INFO TableMetadata.<init>:40 - columns: [num_order, last_sec, place, date_ini, date_end, idperformance, codinterview, coduser, codgroup, codpat]
2009-05-07 13:07:55,126  INFO TableMetadata.<init>:42 - foreign keys: [fka7c310309fd61a61, fka7c310307bd5537b, fka7c31030e9d1abd4, fk_performa_rel_group, fk_performa_rel_pat_p_patient, fk_performa_rel_intrv_intervie, fk_performa_rel_appus_appuser, fka7c31030289fe600]
2009-05-07 13:07:55,126  INFO TableMetadata.<init>:43 - indexes: [pk_performance]
2009-05-07 13:07:55,151  INFO TableMetadata.<init>:39 - table found: public.project
2009-05-07 13:07:55,151  INFO TableMetadata.<init>:40 - columns: [u_date, description, idprj, name, c_date]
2009-05-07 13:07:55,151  INFO TableMetadata.<init>:42 - foreign keys: []
2009-05-07 13:07:55,152  INFO TableMetadata.<init>:43 - indexes: [pk_project]
2009-05-07 13:07:55,179  INFO TableMetadata.<init>:39 - table found: public.pat_gives_answer2ques
2009-05-07 13:07:55,179  INFO TableMetadata.<init>:40 - columns: [answer_order, codquestion, idp_a_q, answer_number, codanswer, answer_grp, codpat]
2009-05-07 13:07:55,179  INFO TableMetadata.<init>:42 - foreign keys: [fk_pat_give_rel_ques__question, fk_pat_give_rel_pat_a_patient, fk_pat_give_rel_ans_p_answer, fkd6209a2db9245433, fkd6209a2dcefe49a3, fkd6209a2d9fd61a61]
2009-05-07 13:07:55,179  INFO TableMetadata.<init>:43 - indexes: [pk_pat_gives_answer2ques]
2009-05-07 13:07:55,205  INFO TableMetadata.<init>:39 - table found: public.question
2009-05-07 13:07:55,205  INFO TableMetadata.<init>:40 - columns: [codquestion, repeatable, idquestion, mandatory]
2009-05-07 13:07:55,206  INFO TableMetadata.<init>:42 - foreign keys: [fk_question_itemisa2_item, fkba823be6e7b3fc5]
2009-05-07 13:07:55,206  INFO TableMetadata.<init>:43 - indexes: [pk_question]
2009-05-07 13:07:55,232  INFO TableMetadata.<init>:39 - table found: public.question_ansitem
2009-05-07 13:07:55,232  INFO TableMetadata.<init>:40 - columns: [answer_order, codquestion, codansitem, pattern, id]
2009-05-07 13:07:55,233  INFO TableMetadata.<init>:42 - foreign keys: [fk6d9a2ea05c3d6ca1, fk_question, fk6d9a2ea0b9245433, fk_answer_item]
2009-05-07 13:07:55,233  INFO TableMetadata.<init>:43 - indexes: [pk_question_ansitem]
2009-05-07 13:07:55,259  INFO TableMetadata.<init>:39 - table found: public.rel_grp_appusr
2009-05-07 13:07:55,259  INFO TableMetadata.<init>:40 - columns: [active, idgrp_usr, coduser, codgroup]
2009-05-07 13:07:55,259  INFO TableMetadata.<init>:42 - foreign keys: [fk3e240fd3289fe600, fk_rel_grp__rel_grp_a_appgroup, fk3e240fd3e9d1abd4, fk_rel_grp__rel_grp_a_appuser]
2009-05-07 13:07:55,259  INFO TableMetadata.<init>:43 - indexes: [pk_rel_grp_appusr]
2009-05-07 13:07:55,284  INFO TableMetadata.<init>:39 - table found: public.rel_prj_appusers
2009-05-07 13:07:55,284  INFO TableMetadata.<init>:40 - columns: [idprj_usrs, codprj, coduser]
2009-05-07 13:07:55,284  INFO TableMetadata.<init>:42 - foreign keys: [fkd0e56e24bc927c7a, fk_rel_prj__rel_prj_a_project, fkd0e56e24289fe600, fk_rel_prj__rel_prj_a_appuser]
2009-05-07 13:07:55,284  INFO TableMetadata.<init>:43 - indexes: [pk_rel_prj_appusers]
2009-05-07 13:07:55,311  INFO TableMetadata.<init>:39 - table found: public.section
2009-05-07 13:07:55,311  INFO TableMetadata.<init>:40 - columns: [u_date, description, section_order, idsection, codinterview, name, c_date]
2009-05-07 13:07:55,311  INFO TableMetadata.<init>:42 - foreign keys: [fk756f7ee57bd5537b, fk_section_is_formed_interview]
2009-05-07 13:07:55,311  INFO TableMetadata.<init>:43 - indexes: [pk_section]
2009-05-07 13:07:55,337  INFO TableMetadata.<init>:39 - table found: public.user_role
2009-05-07 13:07:55,337  INFO TableMetadata.<init>:40 - columns: [codrole, rolename, iduser_role, username, coduser]
2009-05-07 13:07:55,337  INFO TableMetadata.<init>:42 - foreign keys: [fk143bf46a289fe600, fk143bf46a1c3f28d3, fk_userrole_role, fk_userrole_user]
2009-05-07 13:07:55,338  INFO TableMetadata.<init>:43 - indexes: [pk_user_role]
2009-05-07 13:07:55,388 ERROR SchemaUpdate.execute:155 - Unsuccessful: alter table rel_grp_appusr add constraint FK3E240FD3BCE294C4 foreign key (codgroup) references appuser
2009-05-07 13:07:55,388 ERROR SchemaUpdate.execute:156 - ERROR: insert or update on table "rel_grp_appusr" violates foreign key constraint "fk3e240fd3bce294c4"
  Detail: Key (codgroup)=(300) is not present in table "appuser".
2009-05-07 13:07:55,390  INFO SchemaUpdate.execute:160 - schema update complete
